<?xml version="1.0" encoding="UTF-8"?>
<testsuite name="JUnit Jupiter" tests="4" skipped="1" failures="0" errors="0" time="0.121" hostname="ed93931a4378" timestamp="2017-06-08T18:23:57">
<properties>
[...]
</properties>
<testcase name="myFirstTest(TestInfo)" classname="com.example.project.FirstTest" time="0.035">
<system-out><![CDATA[
unique-id: [engine:junit-jupiter]/[class:com.example.project.FirstTest]/[method:myFirstTest(org.junit.jupiter.api.TestInfo)]
display-name: My 1st JUnit 5 test! ����
]]></system-out>
</testcase>
<testcase name="testThisOtherThing()" classname="com.example.project.OtherTests" time="0.003">
<system-out><![CDATA[
unique-id: [engine:junit-jupiter]/[class:com.example.project.OtherTests]/[method:testThisOtherThing()]
display-name: testThisOtherThing()
]]></system-out>
</testcase>
<testcase name="testThisThing()" classname="com.example.project.OtherTests" time="0.003">
<system-out><![CDATA[
unique-id: [engine:junit-jupiter]/[class:com.example.project.OtherTests]/[method:testThisThing()]
display-name: testThisThing()
]]></system-out>
</testcase>
<testcase name="mySecondTest()" classname="com.example.project.SecondTest" time="0">
<skipped><![CDATA[void com.example.project.SecondTest.mySecondTest() is @Disabled]]></skipped>
<system-out><![CDATA[
unique-id: [engine:junit-jupiter]/[class:com.example.project.SecondTest]/[method:mySecondTest()]
display-name: mySecondTest()
]]></system-out>
</testcase>
<system-out><![CDATA[
unique-id: [engine:junit-jupiter]
display-name: JUnit Jupiter
]]></system-out>
</testsuite>
